SF:C:\Users\djohnson\Code\MicrosoftTestApi\TodoApi\Program.cs
FN:6,System.Void Program::<Main>$(System.String[])
FNDA:0,System.Void Program::<Main>$(System.String[])
DA:7,0
DA:8,0
DA:9,0
DA:11,0
DA:14,0
DA:15,0
DA:17,0
DA:18,0
DA:19,0
DA:20,0
DA:21,0
DA:22,0
DA:23,0
DA:24,0
DA:25,0
DA:26,0
DA:27,0
DA:28,0
DA:29,0
DA:31,0
DA:32,0
DA:33,0
DA:35,0
DA:38,0
DA:39,0
DA:40,0
DA:41,0
DA:42,0
DA:44,0
DA:46,0
DA:48,0
DA:50,0
DA:55,0
DA:57,0
DA:58,0
DA:59,0
DA:60,0
DA:61,0
DA:63,0
DA:64,0
DA:65,0
DA:66,0
BRDA:28,215,0,0
BRDA:28,215,1,0
BRDA:38,306,0,0
BRDA:38,306,1,0
LF:42
LH:0
BRF:4
BRH:0
FNF:1
FNH:0
end_of_record
SF:C:\Users\djohnson\.nuget\packages\microsoft.net.test.sdk\17.1.0\build\netcoreapp2.1\Microsoft.NET.Test.Sdk.Program.cs
FN:3,System.Void AutoGeneratedProgram::Main(System.String[])
FNDA:0,System.Void AutoGeneratedProgram::Main(System.String[])
DA:4,0
LF:1
LH:0
BRF:0
BRH:0
FNF:1
FNH:0
end_of_record
SF:C:\Users\djohnson\Code\MicrosoftTestApi\TodoApi\Utilities\Exceptions\DatabaseUnavailableException.cs
FN:12,TodoApi.Utilities.Exceptions.HttpResponseExceptionValue TodoApi.Utilities.Exceptions.DatabaseUnavailableException::get_Value()
FNDA:34,TodoApi.Utilities.Exceptions.HttpResponseExceptionValue TodoApi.Utilities.Exceptions.DatabaseUnavailableException::get_Value()
DA:13,34
FN:8,System.Void TodoApi.Utilities.Exceptions.DatabaseUnavailableException::.ctor(System.String)
FNDA:34,System.Void TodoApi.Utilities.Exceptions.DatabaseUnavailableException::.ctor(System.String)
DA:9,34
DA:10,34
DA:11,34
DA:12,34
LF:5
LH:5
BRF:0
BRH:0
FNF:2
FNH:2
end_of_record
SF:C:\Users\djohnson\Code\MicrosoftTestApi\TodoApi\Utilities\Exceptions\HttpResponseExceptionValue.cs
FN:7,System.DateTime TodoApi.Utilities.Exceptions.HttpResponseExceptionValue::get_Timestamp()
FNDA:34,System.DateTime TodoApi.Utilities.Exceptions.HttpResponseExceptionValue::get_Timestamp()
DA:8,34
FN:8,System.Int32 TodoApi.Utilities.Exceptions.HttpResponseExceptionValue::get_Status()
FNDA:34,System.Int32 TodoApi.Utilities.Exceptions.HttpResponseExceptionValue::get_Status()
DA:9,34
FN:9,System.String TodoApi.Utilities.Exceptions.HttpResponseExceptionValue::get_Error()
FNDA:34,System.String TodoApi.Utilities.Exceptions.HttpResponseExceptionValue::get_Error()
DA:10,34
FN:10,System.String TodoApi.Utilities.Exceptions.HttpResponseExceptionValue::get_ErrorMessage()
FNDA:34,System.String TodoApi.Utilities.Exceptions.HttpResponseExceptionValue::get_ErrorMessage()
DA:11,34
FN:12,System.Void TodoApi.Utilities.Exceptions.HttpResponseExceptionValue::.ctor()
FNDA:0,System.Void TodoApi.Utilities.Exceptions.HttpResponseExceptionValue::.ctor()
DA:13,0
DA:14,0
DA:15,0
DA:16,0
FN:16,System.Void TodoApi.Utilities.Exceptions.HttpResponseExceptionValue::.ctor(System.Int32,System.String,System.String)
FNDA:34,System.Void TodoApi.Utilities.Exceptions.HttpResponseExceptionValue::.ctor(System.Int32,System.String,System.String)
DA:17,34
DA:18,34
DA:19,34
DA:20,34
DA:21,34
DA:22,34
DA:23,34
LF:15
LH:11
BRF:0
BRH:0
FNF:6
FNH:5
end_of_record
SF:C:\Users\djohnson\Code\MicrosoftTestApi\TodoApi\Services\Customer\CustomerService.cs
FN:28,Microsoft.AspNetCore.Mvc.ActionResult`1<TodoApi.Models.Customer> TodoApi.Services.CustomerService::UpdateCustomer(System.Int32,TodoApi.Models.Customer)
FNDA:10,Microsoft.AspNetCore.Mvc.ActionResult`1<TodoApi.Models.Customer> TodoApi.Services.CustomerService::UpdateCustomer(System.Int32,TodoApi.Models.Customer)
DA:29,10
DA:30,11
DA:31,9
DA:33,9
DA:34,9
DA:35,8
DA:36,1
DA:37,1
DA:38,1
DA:39,1
DA:41,10
DA:44,6
DA:45,6
DA:46,5
DA:47,1
DA:48,1
DA:49,1
DA:50,1
DA:52,7
DA:54,3
DA:55,3
DA:57,1
DA:58,1
DA:59,1
DA:60,1
DA:62,7
BRDA:30,15,0,1
BRDA:30,15,1,9
BRDA:41,91,0,2
BRDA:41,91,1,6
BRDA:52,156,0,2
BRDA:52,156,1,3
FN:70,Microsoft.AspNetCore.Mvc.ActionResult TodoApi.Services.CustomerService::DeleteCustomer(System.Int32)
FNDA:6,Microsoft.AspNetCore.Mvc.ActionResult TodoApi.Services.CustomerService::DeleteCustomer(System.Int32)
DA:71,6
DA:72,6
DA:75,6
DA:76,6
DA:77,5
DA:78,1
DA:79,1
DA:80,1
DA:81,1
DA:83,7
DA:87,3
DA:88,3
DA:89,2
DA:90,1
DA:91,1
DA:92,1
DA:93,1
DA:95,2
DA:96,4
BRDA:83,55,0,2
BRDA:83,55,1,3
FN:104,Microsoft.AspNetCore.Mvc.ActionResult`1<TodoApi.Models.Customer> TodoApi.Services.CustomerService::GetCustomerById(System.Int32)
FNDA:5,Microsoft.AspNetCore.Mvc.ActionResult`1<TodoApi.Models.Customer> TodoApi.Services.CustomerService::GetCustomerById(System.Int32)
DA:105,5
DA:106,5
DA:108,5
DA:109,5
DA:110,2
DA:111,3
DA:112,3
DA:113,3
DA:114,5
DA:115,1
DA:117,2
DA:118,4
BRDA:114,56,0,2
BRDA:114,56,1,1
FN:126,Microsoft.AspNetCore.Mvc.ActionResult`1<TodoApi.Models.Customer> TodoApi.Services.CustomerService::CreateCustomer(TodoApi.Models.Customer)
FNDA:6,Microsoft.AspNetCore.Mvc.ActionResult`1<TodoApi.Models.Customer> TodoApi.Services.CustomerService::CreateCustomer(TodoApi.Models.Customer)
DA:127,6
DA:130,6
DA:131,6
DA:132,5
DA:133,1
DA:134,1
DA:135,1
DA:136,1
DA:138,7
DA:141,3
DA:142,3
DA:144,1
DA:145,1
DA:146,1
DA:147,1
DA:149,4
BRDA:138,46,0,2
BRDA:138,46,1,3
FN:162,Microsoft.AspNetCore.Mvc.ActionResult`1<System.Collections.Generic.IEnumerable`1<TodoApi.Models.Customer>> TodoApi.Services.CustomerService::GetCustomers(System.String,System.String,System.String,System.String,System.String,System.String)
FNDA:3,Microsoft.AspNetCore.Mvc.ActionResult`1<System.Collections.Generic.IEnumerable`1<TodoApi.Models.Customer>> TodoApi.Services.CustomerService::GetCustomers(System.String,System.String,System.String,System.String,System.String,System.String)
DA:163,3
DA:165,3
DA:166,3
DA:168,1
DA:169,1
DA:170,1
DA:171,1
DA:173,2
FN:15,System.Void TodoApi.Services.CustomerService::.ctor(TodoApi.Repositories.ICustomerRepository)
FNDA:30,System.Void TodoApi.Services.CustomerService::.ctor(TodoApi.Repositories.ICustomerRepository)
DA:16,30
DA:17,30
DA:18,30
DA:19,30
LF:85
LH:85
BRF:12
BRH:12
FNF:6
FNH:6
end_of_record
SF:C:\Users\djohnson\Code\MicrosoftTestApi\TodoApi\Services\Order\OrderService.cs
FN:36,Microsoft.AspNetCore.Mvc.ActionResult`1<System.Collections.Generic.IEnumerable`1<TodoApi.Models.Order>> TodoApi.Services.OrderService::GetOrders(System.Nullable`1<System.Int32>,System.String,System.Nullable`1<System.Decimal>,System.Nullable`1<System.Int32>,System.Nullable`1<System.Int32>)
FNDA:3,Microsoft.AspNetCore.Mvc.ActionResult`1<System.Collections.Generic.IEnumerable`1<TodoApi.Models.Order>> TodoApi.Services.OrderService::GetOrders(System.Nullable`1<System.Int32>,System.String,System.Nullable`1<System.Decimal>,System.Nullable`1<System.Int32>,System.Nullable`1<System.Int32>)
DA:37,3
DA:39,3
DA:40,3
DA:42,1
DA:43,1
DA:44,1
DA:45,1
DA:47,2
FN:55,Microsoft.AspNetCore.Mvc.ActionResult`1<TodoApi.Models.Order> TodoApi.Services.OrderService::GetOrder(System.Int32)
FNDA:3,Microsoft.AspNetCore.Mvc.ActionResult`1<TodoApi.Models.Order> TodoApi.Services.OrderService::GetOrder(System.Int32)
DA:56,3
DA:57,3
DA:59,3
DA:60,3
DA:61,2
DA:62,1
DA:63,1
DA:64,1
DA:65,1
DA:67,3
DA:68,1
DA:69,2
BRDA:67,55,0,1
BRDA:67,55,1,1
FN:77,Microsoft.AspNetCore.Mvc.ActionResult`1<TodoApi.Models.Order> TodoApi.Services.OrderService::CreateOrder(TodoApi.Models.Order)
FNDA:7,Microsoft.AspNetCore.Mvc.ActionResult`1<TodoApi.Models.Order> TodoApi.Services.OrderService::CreateOrder(TodoApi.Models.Order)
DA:78,7
DA:79,7
DA:83,7
DA:84,7
DA:85,6
DA:86,1
DA:87,1
DA:88,1
DA:89,1
DA:91,7
DA:93,5
DA:96,5
DA:97,5
DA:98,4
DA:99,1
DA:100,1
DA:101,1
DA:102,1
DA:104,5
DA:105,3
DA:106,3
DA:109,3
DA:110,3
DA:111,2
DA:112,1
DA:113,1
DA:114,1
DA:115,1
DA:117,2
DA:118,4
BRDA:91,67,0,1
BRDA:91,67,1,5
BRDA:104,154,0,1
BRDA:104,154,1,3
FN:127,Microsoft.AspNetCore.Mvc.ActionResult`1<TodoApi.Models.Order> TodoApi.Services.OrderService::UpdateOrder(System.Int32,TodoApi.Models.Order)
FNDA:11,Microsoft.AspNetCore.Mvc.ActionResult`1<TodoApi.Models.Order> TodoApi.Services.OrderService::UpdateOrder(System.Int32,TodoApi.Models.Order)
DA:128,11
DA:129,12
DA:130,10
DA:131,10
DA:133,10
DA:134,10
DA:135,9
DA:136,1
DA:137,1
DA:138,1
DA:139,1
DA:141,11
DA:143,7
DA:144,7
DA:145,6
DA:146,1
DA:147,1
DA:148,1
DA:149,1
DA:151,7
DA:152,5
DA:154,5
DA:155,5
DA:156,4
DA:157,1
DA:158,1
DA:159,1
DA:160,1
DA:162,5
DA:163,3
DA:165,3
DA:166,3
DA:168,1
DA:169,1
DA:170,1
DA:171,1
DA:173,7
BRDA:129,15,0,1
BRDA:129,15,1,10
BRDA:141,98,0,2
BRDA:141,98,1,7
BRDA:151,180,0,1
BRDA:151,180,1,5
BRDA:162,267,0,1
BRDA:162,267,1,3
FN:181,Microsoft.AspNetCore.Mvc.ActionResult TodoApi.Services.OrderService::DeleteOrder(System.Int32)
FNDA:6,Microsoft.AspNetCore.Mvc.ActionResult TodoApi.Services.OrderService::DeleteOrder(System.Int32)
DA:182,6
DA:183,6
DA:185,6
DA:186,6
DA:187,5
DA:188,1
DA:189,1
DA:190,1
DA:191,1
DA:193,7
DA:196,3
DA:197,3
DA:198,2
DA:199,1
DA:200,1
DA:201,1
DA:202,1
DA:204,2
DA:205,4
BRDA:193,55,0,2
BRDA:193,55,1,3
FN:18,System.Void TodoApi.Services.OrderService::.ctor(TodoApi.Repositories.IOrderRepository,TodoApi.Repositories.ICustomerRepository,TodoApi.Repositories.IProductRepository)
FNDA:30,System.Void TodoApi.Services.OrderService::.ctor(TodoApi.Repositories.IOrderRepository,TodoApi.Repositories.ICustomerRepository,TodoApi.Repositories.IProductRepository)
DA:19,30
DA:20,30
DA:21,30
DA:22,30
DA:23,30
DA:24,30
LF:112
LH:112
BRF:16
BRH:16
FNF:6
FNH:6
end_of_record
SF:C:\Users\djohnson\Code\MicrosoftTestApi\TodoApi\Services\Product\ProductService.cs
FN:31,System.Collections.Generic.IEnumerable`1<TodoApi.Models.Product> TodoApi.Services.ProductService::GetProductsByQuery(System.String,System.String,System.String,System.String,System.String,System.String)
FNDA:3,System.Collections.Generic.IEnumerable`1<TodoApi.Models.Product> TodoApi.Services.ProductService::GetProductsByQuery(System.String,System.String,System.String,System.String,System.String,System.String)
DA:32,3
DA:34,3
DA:35,3
DA:37,1
DA:38,1
DA:39,1
DA:40,1
DA:42,2
FN:50,Microsoft.AspNetCore.Mvc.ActionResult`1<TodoApi.Models.Product> TodoApi.Services.ProductService::GetProductById(System.Int32)
FNDA:5,Microsoft.AspNetCore.Mvc.ActionResult`1<TodoApi.Models.Product> TodoApi.Services.ProductService::GetProductById(System.Int32)
DA:51,5
DA:52,5
DA:54,5
DA:55,5
DA:56,4
DA:57,1
DA:58,1
DA:59,1
DA:60,1
DA:62,6
DA:63,2
DA:64,4
BRDA:62,55,0,2
BRDA:62,55,1,2
FN:72,Microsoft.AspNetCore.Mvc.ActionResult`1<TodoApi.Models.Product> TodoApi.Services.ProductService::CreateProduct(TodoApi.Models.Product)
FNDA:5,Microsoft.AspNetCore.Mvc.ActionResult`1<TodoApi.Models.Product> TodoApi.Services.ProductService::CreateProduct(TodoApi.Models.Product)
DA:73,5
DA:76,5
DA:77,5
DA:78,6
DA:79,2
DA:80,2
DA:81,1
DA:82,1
DA:83,1
DA:84,1
DA:86,2
DA:87,4
BRDA:78,18,0,2
BRDA:78,18,1,2
FN:96,Microsoft.AspNetCore.Mvc.ActionResult`1<TodoApi.Models.Product> TodoApi.Services.ProductService::UpdateProduct(System.Int32,TodoApi.Models.Product)
FNDA:8,Microsoft.AspNetCore.Mvc.ActionResult`1<TodoApi.Models.Product> TodoApi.Services.ProductService::UpdateProduct(System.Int32,TodoApi.Models.Product)
DA:97,8
DA:98,9
DA:99,7
DA:102,7
DA:103,7
DA:104,8
DA:105,4
DA:106,6
DA:107,2
DA:108,2
DA:110,1
DA:111,1
DA:112,1
DA:113,1
DA:115,7
BRDA:98,16,0,1
BRDA:98,16,1,7
BRDA:104,62,0,2
BRDA:104,62,1,4
BRDA:106,95,0,2
BRDA:106,95,1,2
FN:123,Microsoft.AspNetCore.Mvc.ActionResult TodoApi.Services.ProductService::DeleteProduct(System.Int32)
FNDA:5,Microsoft.AspNetCore.Mvc.ActionResult TodoApi.Services.ProductService::DeleteProduct(System.Int32)
DA:124,5
DA:125,5
DA:127,5
DA:128,5
DA:129,6
DA:130,2
DA:131,2
DA:133,1
DA:134,1
DA:135,1
DA:136,1
DA:138,4
BRDA:129,27,0,2
BRDA:129,27,1,2
FN:15,System.Void TodoApi.Services.ProductService::.ctor(TodoApi.Repositories.IProductRepository)
FNDA:26,System.Void TodoApi.Services.ProductService::.ctor(TodoApi.Repositories.IProductRepository)
DA:16,26
DA:17,26
DA:18,26
DA:19,26
LF:63
LH:63
BRF:12
BRH:12
FNF:6
FNH:6
end_of_record
SF:C:\Users\djohnson\Code\MicrosoftTestApi\TodoApi\Services\User\UserService.cs
FN:31,System.Collections.Generic.IEnumerable`1<TodoApi.Models.User> TodoApi.Services.UserService::GetAllUsersAsync(System.String,System.String,System.String,System.String,System.String)
FNDA:3,System.Collections.Generic.IEnumerable`1<TodoApi.Models.User> TodoApi.Services.UserService::GetAllUsersAsync(System.String,System.String,System.String,System.String,System.String)
DA:32,3
DA:34,3
DA:35,3
DA:37,1
DA:38,1
DA:39,1
DA:40,1
DA:42,2
FN:49,Microsoft.AspNetCore.Mvc.ActionResult`1<TodoApi.Models.User> TodoApi.Services.UserService::GetUserById(System.Int32)
FNDA:5,Microsoft.AspNetCore.Mvc.ActionResult`1<TodoApi.Models.User> TodoApi.Services.UserService::GetUserById(System.Int32)
DA:50,5
DA:52,5
DA:53,5
DA:54,6
DA:55,2
DA:57,1
DA:58,1
DA:59,1
DA:60,1
DA:62,4
BRDA:54,21,0,2
BRDA:54,21,1,2
FN:69,Microsoft.AspNetCore.Mvc.ActionResult`1<TodoApi.Models.User> TodoApi.Services.UserService::PostUserAsync(TodoApi.Models.User)
FNDA:6,Microsoft.AspNetCore.Mvc.ActionResult`1<TodoApi.Models.User> TodoApi.Services.UserService::PostUserAsync(TodoApi.Models.User)
DA:70,6
DA:73,6
DA:74,6
DA:75,5
DA:76,1
DA:77,1
DA:78,1
DA:79,1
DA:81,7
DA:83,3
DA:84,3
DA:88,3
DA:89,3
DA:91,1
DA:92,1
DA:93,1
DA:94,1
DA:96,4
BRDA:81,51,0,2
BRDA:81,51,1,3
BRDA:84,91,0,2
BRDA:84,91,1,1
FN:103,Microsoft.AspNetCore.Mvc.IActionResult TodoApi.Services.UserService::DeleteUser(System.Int32)
FNDA:6,Microsoft.AspNetCore.Mvc.IActionResult TodoApi.Services.UserService::DeleteUser(System.Int32)
DA:104,6
DA:105,6
DA:107,6
DA:108,6
DA:109,5
DA:110,1
DA:111,1
DA:112,1
DA:113,1
DA:115,7
DA:117,3
DA:118,3
DA:119,2
DA:121,1
DA:122,1
DA:123,1
DA:124,1
DA:126,4
BRDA:115,55,0,2
BRDA:115,55,1,3
FN:134,Microsoft.AspNetCore.Mvc.ActionResult`1<TodoApi.Models.User> TodoApi.Services.UserService::UpdateUserAsync(TodoApi.Models.User,System.Int32)
FNDA:10,Microsoft.AspNetCore.Mvc.ActionResult`1<TodoApi.Models.User> TodoApi.Services.UserService::UpdateUserAsync(TodoApi.Models.User,System.Int32)
DA:135,10
DA:137,11
DA:138,9
DA:142,9
DA:143,9
DA:144,8
DA:145,1
DA:146,1
DA:147,1
DA:148,1
DA:150,10
DA:152,6
DA:154,6
DA:155,5
DA:157,5
DA:158,5
DA:159,6
DA:160,2
DA:161,1
DA:162,1
DA:163,1
DA:164,1
DA:166,2
DA:167,3
DA:168,3
DA:171,3
DA:172,3
DA:173,2
DA:174,1
DA:175,1
DA:176,1
DA:177,1
DA:179,2
DA:180,7
BRDA:137,15,0,1
BRDA:137,15,1,9
BRDA:150,92,0,2
BRDA:150,92,1,6
BRDA:154,138,0,5
BRDA:159,169,0,2
BRDA:159,169,1,2
BRDA:154,138,1,3
BRDA:168,243,0,2
BRDA:168,243,1,1
FN:15,System.Void TodoApi.Services.UserService::.ctor(TodoApi.Repositories.IUserRepository)
FNDA:30,System.Void TodoApi.Services.UserService::.ctor(TodoApi.Repositories.IUserRepository)
DA:16,30
DA:17,30
DA:18,30
DA:19,30
LF:92
LH:92
BRF:18
BRH:18
FNF:6
FNH:6
end_of_record
SF:C:\Users\djohnson\Code\MicrosoftTestApi\TodoApi\Repositories\Customer\CustomerRepository.cs
FN:15,TodoApi.Models.Customer TodoApi.Repositories.CustomerRepository::GetCustomer(System.Int32)
FNDA:7,TodoApi.Models.Customer TodoApi.Repositories.CustomerRepository::GetCustomer(System.Int32)
DA:16,7
DA:17,7
DA:18,7
FN:19,System.Void TodoApi.Repositories.CustomerRepository::DeleteCustomer(TodoApi.Models.Customer)
FNDA:1,System.Void TodoApi.Repositories.CustomerRepository::DeleteCustomer(TodoApi.Models.Customer)
DA:20,1
DA:21,1
DA:22,1
DA:23,1
FN:24,System.Boolean TodoApi.Repositories.CustomerRepository::EmailTaken(TodoApi.Models.Customer)
FNDA:4,System.Boolean TodoApi.Repositories.CustomerRepository::EmailTaken(TodoApi.Models.Customer)
DA:25,4
DA:26,4
DA:27,4
FN:28,TodoApi.Models.Customer TodoApi.Repositories.CustomerRepository::UpdateCustomer(TodoApi.Models.Customer)
FNDA:1,TodoApi.Models.Customer TodoApi.Repositories.CustomerRepository::UpdateCustomer(TodoApi.Models.Customer)
DA:29,1
DA:30,1
DA:31,1
DA:32,1
DA:33,1
DA:34,1
FN:36,System.Object TodoApi.Repositories.CustomerRepository::GetCustomerById(System.Int32)
FNDA:2,System.Object TodoApi.Repositories.CustomerRepository::GetCustomerById(System.Int32)
DA:37,2
DA:38,2
DA:39,2
DA:40,4
DA:41,4
DA:42,6
DA:43,6
DA:44,6
DA:45,6
DA:46,6
DA:47,6
DA:48,6
DA:49,6
DA:50,6
DA:51,6
DA:52,6
DA:53,6
DA:54,10
DA:55,1
DA:56,1
BRDA:42,19,0,1
BRDA:42,19,1,3
BRDA:42,31,0,1
BRDA:42,31,1,3
BRDA:42,43,0,1
BRDA:42,43,1,3
BRDA:42,55,0,1
BRDA:42,55,1,3
FN:57,TodoApi.Models.Customer TodoApi.Repositories.CustomerRepository::CreateCustomer(TodoApi.Models.Customer)
FNDA:1,TodoApi.Models.Customer TodoApi.Repositories.CustomerRepository::CreateCustomer(TodoApi.Models.Customer)
DA:58,1
DA:59,1
DA:60,1
DA:61,1
DA:62,1
FN:63,System.Collections.Generic.IEnumerable`1<System.Object> TodoApi.Repositories.CustomerRepository::GetCustomers(System.String,System.String,System.String,System.String,System.String,System.String)
FNDA:1,System.Collections.Generic.IEnumerable`1<System.Object> TodoApi.Repositories.CustomerRepository::GetCustomers(System.String,System.String,System.String,System.String,System.String,System.String)
DA:64,1
DA:65,1
DA:66,1
DA:67,0
DA:68,0
DA:69,1
DA:70,1
DA:71,1
DA:72,1
DA:73,1
DA:74,1
DA:75,1
DA:76,1
DA:77,1
DA:78,1
DA:79,1
DA:80,1
DA:81,1
DA:82,1
DA:83,1
DA:84,1
DA:85,0
DA:86,0
DA:87,0
DA:88,0
DA:89,0
DA:90,0
DA:91,1
DA:92,1
DA:93,1
BRDA:69,19,0,0
BRDA:69,19,1,0
BRDA:69,31,0,0
BRDA:69,31,1,0
BRDA:69,43,0,0
BRDA:69,43,1,0
BRDA:69,55,0,0
BRDA:69,55,1,0
BRDA:85,6,0,0
BRDA:85,6,1,0
BRDA:85,25,0,0
BRDA:85,36,0,0
BRDA:85,36,1,0
BRDA:85,55,0,0
BRDA:85,66,0,0
BRDA:85,66,1,0
BRDA:85,90,0,0
BRDA:85,98,0,0
BRDA:85,98,1,0
BRDA:85,122,0,0
BRDA:85,130,0,0
BRDA:85,130,1,0
BRDA:85,154,0,0
BRDA:85,162,0,0
BRDA:85,162,1,0
BRDA:85,25,1,0
BRDA:85,55,1,0
BRDA:85,90,1,0
BRDA:85,122,1,0
BRDA:85,154,1,0
FN:10,System.Void TodoApi.Repositories.CustomerRepository::.ctor(TodoApi.Contexts.ApiDb)
FNDA:17,System.Void TodoApi.Repositories.CustomerRepository::.ctor(TodoApi.Contexts.ApiDb)
DA:11,17
DA:12,17
DA:13,17
DA:14,17
LF:75
LH:67
BRF:38
BRH:8
FNF:8
FNH:8
end_of_record
SF:C:\Users\djohnson\Code\MicrosoftTestApi\TodoApi\Repositories\Order\OrderRepository.cs
FN:14,System.Collections.Generic.IEnumerable`1<System.Object> TodoApi.Repositories.OrderRepository::GetOrders(System.Nullable`1<System.Int32>,System.String,System.Nullable`1<System.Decimal>,System.Nullable`1<System.Int32>,System.Nullable`1<System.Int32>)
FNDA:1,System.Collections.Generic.IEnumerable`1<System.Object> TodoApi.Repositories.OrderRepository::GetOrders(System.Nullable`1<System.Int32>,System.String,System.Nullable`1<System.Decimal>,System.Nullable`1<System.Int32>,System.Nullable`1<System.Int32>)
DA:15,1
DA:16,1
DA:17,1
DA:18,0
DA:19,0
DA:20,0
DA:21,0
DA:22,0
DA:23,0
DA:24,0
DA:25,0
DA:26,0
DA:27,0
DA:28,0
DA:29,0
DA:30,0
DA:31,0
DA:32,1
DA:33,1
DA:34,0
DA:35,0
DA:36,0
DA:37,1
DA:38,1
DA:39,1
BRDA:20,25,0,0
BRDA:20,25,1,0
BRDA:20,50,0,0
BRDA:20,50,1,0
BRDA:34,11,0,0
BRDA:34,11,1,0
BRDA:34,45,0,0
BRDA:34,56,0,0
BRDA:34,56,1,0
BRDA:34,75,0,0
BRDA:34,91,0,0
BRDA:34,91,1,0
BRDA:34,126,0,0
BRDA:34,142,0,0
BRDA:34,142,1,0
BRDA:34,196,0,0
BRDA:34,209,0,0
BRDA:34,209,1,0
BRDA:34,45,1,0
BRDA:34,75,1,0
BRDA:34,126,1,0
BRDA:34,196,1,0
FN:40,System.Object TodoApi.Repositories.OrderRepository::GetOrder(System.Int32)
FNDA:3,System.Object TodoApi.Repositories.OrderRepository::GetOrder(System.Int32)
DA:41,3
DA:43,3
DA:44,3
DA:45,7
DA:46,9
DA:47,7
DA:48,7
DA:49,7
DA:50,7
DA:51,7
DA:52,7
DA:53,7
DA:54,7
DA:55,7
DA:56,7
DA:57,7
DA:58,7
DA:59,10
DA:60,3
DA:61,3
BRDA:47,25,0,0
BRDA:47,25,1,7
BRDA:47,50,0,0
BRDA:47,50,1,7
FN:62,TodoApi.Models.Order TodoApi.Repositories.OrderRepository::CreateOrder(TodoApi.Models.Order)
FNDA:1,TodoApi.Models.Order TodoApi.Repositories.OrderRepository::CreateOrder(TodoApi.Models.Order)
DA:63,1
DA:64,1
DA:65,1
DA:66,1
DA:67,1
FN:68,TodoApi.Models.Order TodoApi.Repositories.OrderRepository::GetOrderToDelete(System.Int32)
FNDA:2,TodoApi.Models.Order TodoApi.Repositories.OrderRepository::GetOrderToDelete(System.Int32)
DA:69,2
DA:70,2
DA:71,2
FN:73,TodoApi.Models.Order TodoApi.Repositories.OrderRepository::UpdateOrder(TodoApi.Models.Order)
FNDA:1,TodoApi.Models.Order TodoApi.Repositories.OrderRepository::UpdateOrder(TodoApi.Models.Order)
DA:74,1
DA:75,1
DA:76,1
DA:77,1
DA:78,1
DA:79,1
FN:80,System.Void TodoApi.Repositories.OrderRepository::DeleteOrder(TodoApi.Models.Order)
FNDA:1,System.Void TodoApi.Repositories.OrderRepository::DeleteOrder(TodoApi.Models.Order)
DA:81,1
DA:82,1
DA:83,1
DA:84,1
FN:9,System.Void TodoApi.Repositories.OrderRepository::.ctor(TodoApi.Contexts.ApiDb)
FNDA:7,System.Void TodoApi.Repositories.OrderRepository::.ctor(TodoApi.Contexts.ApiDb)
DA:10,7
DA:11,7
DA:12,7
DA:13,7
LF:67
LH:50
BRF:26
BRH:2
FNF:7
FNH:7
end_of_record
SF:C:\Users\djohnson\Code\MicrosoftTestApi\TodoApi\Repositories\Product\ProductRepository.cs
FN:13,System.Collections.Generic.IEnumerable`1<TodoApi.Models.Product> TodoApi.Repositories.ProductRepository::GetProductsByQuery(System.String,System.String,System.String,System.String,System.String,System.String)
FNDA:1,System.Collections.Generic.IEnumerable`1<TodoApi.Models.Product> TodoApi.Repositories.ProductRepository::GetProductsByQuery(System.String,System.String,System.String,System.String,System.String,System.String)
DA:14,1
DA:15,1
DA:16,1
DA:17,1
DA:18,1
DA:19,1
DA:20,1
DA:21,1
FN:22,TodoApi.Models.Product TodoApi.Repositories.ProductRepository::GetProductById(System.Int32)
FNDA:9,TodoApi.Models.Product TodoApi.Repositories.ProductRepository::GetProductById(System.Int32)
DA:23,9
DA:24,9
DA:25,9
FN:26,System.Boolean TodoApi.Repositories.ProductRepository::SkuTaken(TodoApi.Models.Product)
FNDA:4,System.Boolean TodoApi.Repositories.ProductRepository::SkuTaken(TodoApi.Models.Product)
DA:27,4
DA:28,4
DA:29,4
FN:30,TodoApi.Models.Product TodoApi.Repositories.ProductRepository::PostProduct(TodoApi.Models.Product)
FNDA:1,TodoApi.Models.Product TodoApi.Repositories.ProductRepository::PostProduct(TodoApi.Models.Product)
DA:31,1
DA:32,1
DA:33,1
DA:34,1
DA:35,1
FN:36,TodoApi.Models.Product TodoApi.Repositories.ProductRepository::UpdateProduct(TodoApi.Models.Product)
FNDA:1,TodoApi.Models.Product TodoApi.Repositories.ProductRepository::UpdateProduct(TodoApi.Models.Product)
DA:37,1
DA:38,1
DA:39,1
DA:40,1
DA:41,1
DA:42,1
FN:43,System.Void TodoApi.Repositories.ProductRepository::DeleteProduct(TodoApi.Models.Product)
FNDA:1,System.Void TodoApi.Repositories.ProductRepository::DeleteProduct(TodoApi.Models.Product)
DA:44,1
DA:45,1
DA:46,1
DA:47,1
FN:8,System.Void TodoApi.Repositories.ProductRepository::.ctor(TodoApi.Contexts.ApiDb)
FNDA:17,System.Void TodoApi.Repositories.ProductRepository::.ctor(TodoApi.Contexts.ApiDb)
DA:9,17
DA:10,17
DA:11,17
DA:12,17
LF:33
LH:33
BRF:0
BRH:0
FNF:7
FNH:7
end_of_record
SF:C:\Users\djohnson\Code\MicrosoftTestApi\TodoApi\Repositories\User\UserRepository.cs
FN:19,TodoApi.Models.User TodoApi.Repositories.UserRepository::FindUserById(System.Int32)
FNDA:7,TodoApi.Models.User TodoApi.Repositories.UserRepository::FindUserById(System.Int32)
DA:20,7
DA:21,7
DA:22,7
FN:23,TodoApi.Models.User TodoApi.Repositories.UserRepository::UpdateUser(TodoApi.Models.User)
FNDA:1,TodoApi.Models.User TodoApi.Repositories.UserRepository::UpdateUser(TodoApi.Models.User)
DA:24,1
DA:25,1
DA:26,1
DA:27,1
DA:28,1
DA:29,1
FN:30,TodoApi.Models.User TodoApi.Repositories.UserRepository::PostUser(TodoApi.Models.User)
FNDA:1,TodoApi.Models.User TodoApi.Repositories.UserRepository::PostUser(TodoApi.Models.User)
DA:31,1
DA:32,1
DA:33,1
DA:34,1
DA:35,1
FN:36,TodoApi.Models.User TodoApi.Repositories.UserRepository::UserWithExistingEmail(System.String,System.Int32)
FNDA:2,TodoApi.Models.User TodoApi.Repositories.UserRepository::UserWithExistingEmail(System.String,System.Int32)
DA:37,2
DA:38,2
DA:39,2
FN:40,System.Boolean TodoApi.Repositories.UserRepository::CheckEmailsForPostUser(System.String)
FNDA:2,System.Boolean TodoApi.Repositories.UserRepository::CheckEmailsForPostUser(System.String)
DA:41,2
DA:42,2
DA:43,2
FN:44,System.Collections.Generic.IEnumerable`1<TodoApi.Models.User> TodoApi.Repositories.UserRepository::GetUsersByQuery(System.String,System.String,System.String,System.String,System.String)
FNDA:1,System.Collections.Generic.IEnumerable`1<TodoApi.Models.User> TodoApi.Repositories.UserRepository::GetUsersByQuery(System.String,System.String,System.String,System.String,System.String)
DA:45,1
DA:46,1
DA:47,1
DA:48,1
DA:49,1
DA:50,1
DA:51,1
FN:9,System.Void TodoApi.Repositories.UserRepository::.ctor(TodoApi.Contexts.ApiDb)
FNDA:10,System.Void TodoApi.Repositories.UserRepository::.ctor(TodoApi.Contexts.ApiDb)
DA:10,10
DA:11,10
DA:12,10
DA:13,10
FN:14,System.Void TodoApi.Repositories.UserRepository/<DeleteUserAsync>d__2::MoveNext()
FNDA:1,System.Void TodoApi.Repositories.UserRepository/<DeleteUserAsync>d__2::MoveNext()
DA:15,1
DA:16,1
DA:17,1
DA:18,1
LF:35
LH:35
BRF:0
BRH:0
FNF:8
FNH:8
end_of_record
SF:C:\Users\djohnson\Code\MicrosoftTestApi\TodoApi\Models\Customer.cs
FN:11,System.Int32 TodoApi.Models.Customer::get_Id()
FNDA:60,System.Int32 TodoApi.Models.Customer::get_Id()
DA:12,60
FN:13,System.String TodoApi.Models.Customer::get_Name()
FNDA:16,System.String TodoApi.Models.Customer::get_Name()
DA:14,16
FN:16,System.String TodoApi.Models.Customer::get_Email()
FNDA:20,System.String TodoApi.Models.Customer::get_Email()
DA:17,20
FN:17,TodoApi.Models.CustomerAddress TodoApi.Models.Customer::get_CustomerAddress()
FNDA:6,TodoApi.Models.CustomerAddress TodoApi.Models.Customer::get_CustomerAddress()
DA:18,6
LF:4
LH:4
BRF:0
BRH:0
FNF:4
FNH:4
end_of_record
SF:C:\Users\djohnson\Code\MicrosoftTestApi\TodoApi\Models\CustomerAddress.cs
FN:12,System.Int32 TodoApi.Models.CustomerAddress::get_Id()
FNDA:5,System.Int32 TodoApi.Models.CustomerAddress::get_Id()
DA:13,5
FN:14,System.String TodoApi.Models.CustomerAddress::get_Street()
FNDA:13,System.String TodoApi.Models.CustomerAddress::get_Street()
DA:15,13
FN:16,System.String TodoApi.Models.CustomerAddress::get_City()
FNDA:13,System.String TodoApi.Models.CustomerAddress::get_City()
DA:17,13
FN:19,System.String TodoApi.Models.CustomerAddress::get_State()
FNDA:13,System.String TodoApi.Models.CustomerAddress::get_State()
DA:20,13
FN:22,System.String TodoApi.Models.CustomerAddress::get_ZipCode()
FNDA:13,System.String TodoApi.Models.CustomerAddress::get_ZipCode()
DA:23,13
FN:23,System.Int32 TodoApi.Models.CustomerAddress::get_CustomerId()
FNDA:8,System.Int32 TodoApi.Models.CustomerAddress::get_CustomerId()
DA:24,8
LF:6
LH:6
BRF:0
BRH:0
FNF:6
FNH:6
end_of_record
SF:C:\Users\djohnson\Code\MicrosoftTestApi\TodoApi\Models\Order.cs
FN:12,System.Int32 TodoApi.Models.Order::get_Id()
FNDA:53,System.Int32 TodoApi.Models.Order::get_Id()
DA:13,53
FN:14,System.Int32 TodoApi.Models.Order::get_CustomerId()
FNDA:44,System.Int32 TodoApi.Models.Order::get_CustomerId()
DA:15,44
FN:17,System.String TodoApi.Models.Order::get_Date()
FNDA:16,System.String TodoApi.Models.Order::get_Date()
DA:18,16
FN:20,System.Decimal TodoApi.Models.Order::get_OrderTotal()
FNDA:16,System.Decimal TodoApi.Models.Order::get_OrderTotal()
DA:21,16
FN:21,TodoApi.Models.OrderDetails TodoApi.Models.Order::get_OrderDetails()
FNDA:29,TodoApi.Models.OrderDetails TodoApi.Models.Order::get_OrderDetails()
DA:22,29
LF:5
LH:5
BRF:0
BRH:0
FNF:5
FNH:5
end_of_record
SF:C:\Users\djohnson\Code\MicrosoftTestApi\TodoApi\Models\OrderDetails.cs
FN:12,System.Int32 TodoApi.Models.OrderDetails::get_Id()
FNDA:6,System.Int32 TodoApi.Models.OrderDetails::get_Id()
DA:13,6
FN:14,System.Int32 TodoApi.Models.OrderDetails::get_ProductId()
FNDA:36,System.Int32 TodoApi.Models.OrderDetails::get_ProductId()
DA:15,36
FN:17,System.Int32 TodoApi.Models.OrderDetails::get_Quantity()
FNDA:16,System.Int32 TodoApi.Models.OrderDetails::get_Quantity()
DA:18,16
FN:19,System.Int32 TodoApi.Models.OrderDetails::get_OrderId()
FNDA:21,System.Int32 TodoApi.Models.OrderDetails::get_OrderId()
DA:20,21
LF:4
LH:4
BRF:0
BRH:0
FNF:4
FNH:4
end_of_record
SF:C:\Users\djohnson\Code\MicrosoftTestApi\TodoApi\Models\Product.cs
FN:9,System.Int64 TodoApi.Models.Product::get_Id()
FNDA:43,System.Int64 TodoApi.Models.Product::get_Id()
DA:10,43
FN:11,System.String TodoApi.Models.Product::get_Sku()
FNDA:27,System.String TodoApi.Models.Product::get_Sku()
DA:12,27
FN:13,System.String TodoApi.Models.Product::get_Type()
FNDA:23,System.String TodoApi.Models.Product::get_Type()
DA:14,23
FN:15,System.String TodoApi.Models.Product::get_Name()
FNDA:23,System.String TodoApi.Models.Product::get_Name()
DA:16,23
FN:17,System.String TodoApi.Models.Product::get_Description()
FNDA:23,System.String TodoApi.Models.Product::get_Description()
DA:18,23
FN:19,System.String TodoApi.Models.Product::get_Manufacturer()
FNDA:23,System.String TodoApi.Models.Product::get_Manufacturer()
DA:20,23
FN:22,System.Decimal TodoApi.Models.Product::get_Price()
FNDA:23,System.Decimal TodoApi.Models.Product::get_Price()
DA:23,23
LF:7
LH:7
BRF:0
BRH:0
FNF:7
FNH:7
end_of_record
SF:C:\Users\djohnson\Code\MicrosoftTestApi\TodoApi\Models\User.cs
FN:12,System.Int32 TodoApi.Models.User::get_Id()
FNDA:32,System.Int32 TodoApi.Models.User::get_Id()
DA:13,32
FN:14,System.String TodoApi.Models.User::get_Name()
FNDA:15,System.String TodoApi.Models.User::get_Name()
DA:15,15
FN:16,System.String TodoApi.Models.User::get_Title()
FNDA:15,System.String TodoApi.Models.User::get_Title()
DA:17,15
FN:19,System.String TodoApi.Models.User::get_Roles()
FNDA:36,System.String TodoApi.Models.User::get_Roles()
DA:20,36
FN:22,System.String TodoApi.Models.User::get_Email()
FNDA:44,System.String TodoApi.Models.User::get_Email()
DA:23,44
FN:25,System.String TodoApi.Models.User::get_Password()
FNDA:15,System.String TodoApi.Models.User::get_Password()
DA:26,15
LF:6
LH:6
BRF:0
BRH:0
FNF:6
FNH:6
end_of_record
SF:C:\Users\djohnson\Code\MicrosoftTestApi\TodoApi\Migrations\20220301182249_newmigratio43.cs
FN:9,System.Void TodoApi.Migrations.newmigratio43::Up(Microsoft.EntityFrameworkCore.Migrations.MigrationBuilder)
FNDA:0,System.Void TodoApi.Migrations.newmigratio43::Up(Microsoft.EntityFrameworkCore.Migrations.MigrationBuilder)
DA:10,0
DA:11,0
DA:12,0
DA:13,0
DA:14,0
DA:15,0
DA:16,0
DA:17,0
DA:18,0
DA:19,0
DA:20,0
DA:21,0
DA:22,0
DA:23,0
DA:25,0
DA:26,0
DA:27,0
DA:28,0
DA:29,0
DA:30,0
DA:31,0
DA:32,0
DA:33,0
DA:34,0
DA:35,0
DA:36,0
DA:37,0
DA:38,0
DA:40,0
DA:41,0
DA:42,0
DA:43,0
DA:44,0
DA:45,0
DA:46,0
DA:47,0
DA:48,0
DA:49,0
DA:50,0
DA:51,0
DA:52,0
DA:53,0
DA:54,0
DA:55,0
DA:56,0
DA:58,0
DA:59,0
DA:60,0
DA:61,0
DA:62,0
DA:63,0
DA:64,0
DA:65,0
DA:66,0
DA:67,0
DA:68,0
DA:69,0
DA:70,0
DA:71,0
DA:72,0
DA:73,0
DA:75,0
DA:76,0
DA:77,0
DA:78,0
DA:79,0
DA:80,0
DA:81,0
DA:82,0
DA:83,0
DA:84,0
DA:85,0
DA:86,0
DA:87,0
DA:88,0
DA:89,0
DA:90,0
DA:91,0
DA:92,0
DA:93,0
DA:94,0
DA:95,0
DA:96,0
DA:98,0
DA:99,0
DA:100,0
DA:101,0
DA:102,0
DA:103,0
DA:104,0
DA:105,0
DA:106,0
DA:107,0
DA:108,0
DA:109,0
DA:110,0
DA:111,0
DA:112,0
DA:113,0
DA:114,0
DA:115,0
DA:116,0
DA:117,0
DA:119,0
DA:120,0
DA:121,0
DA:122,0
DA:124,0
DA:125,0
DA:126,0
DA:127,0
DA:129,0
DA:130,0
DA:131,0
DA:132,0
DA:134,0
DA:135,0
DA:136,0
DA:137,0
DA:139,0
DA:140,0
DA:141,0
DA:142,0
DA:144,0
DA:145,0
DA:146,0
DA:147,0
DA:149,0
DA:150,0
DA:151,0
DA:152,0
DA:154,0
DA:155,0
DA:156,0
DA:157,0
DA:159,0
DA:160,0
DA:161,0
DA:162,0
DA:164,0
DA:165,0
DA:166,0
DA:167,0
DA:169,0
DA:170,0
DA:171,0
DA:172,0
DA:174,0
DA:175,0
DA:176,0
DA:177,0
DA:179,0
DA:180,0
DA:181,0
DA:182,0
DA:184,0
DA:185,0
DA:186,0
DA:187,0
DA:189,0
DA:190,0
DA:191,0
DA:192,0
DA:194,0
DA:195,0
DA:196,0
DA:197,0
DA:199,0
DA:200,0
DA:201,0
DA:202,0
DA:204,0
DA:205,0
DA:206,0
DA:207,0
DA:209,0
DA:210,0
DA:211,0
DA:212,0
DA:214,0
DA:215,0
DA:216,0
DA:217,0
DA:219,0
DA:220,0
DA:221,0
DA:222,0
DA:224,0
DA:225,0
DA:226,0
DA:227,0
DA:229,0
DA:230,0
DA:231,0
DA:232,0
DA:234,0
DA:235,0
DA:236,0
DA:237,0
DA:239,0
DA:240,0
DA:241,0
DA:242,0
DA:244,0
DA:245,0
DA:246,0
DA:247,0
DA:248,0
DA:250,0
DA:251,0
DA:252,0
DA:253,0
DA:254,0
FN:256,System.Void TodoApi.Migrations.newmigratio43::Down(Microsoft.EntityFrameworkCore.Migrations.MigrationBuilder)
FNDA:0,System.Void TodoApi.Migrations.newmigratio43::Down(Microsoft.EntityFrameworkCore.Migrations.MigrationBuilder)
DA:257,0
DA:258,0
DA:259,0
DA:261,0
DA:262,0
DA:264,0
DA:265,0
DA:267,0
DA:268,0
DA:270,0
DA:271,0
DA:273,0
DA:274,0
DA:275,0
LF:227
LH:0
BRF:0
BRH:0
FNF:2
FNH:0
end_of_record
SF:C:\Users\djohnson\Code\MicrosoftTestApi\TodoApi\Migrations\20220301182249_newmigratio43.Designer.cs
FN:17,System.Void TodoApi.Migrations.newmigratio43::BuildTargetModel(Microsoft.EntityFrameworkCore.ModelBuilder)
FNDA:0,System.Void TodoApi.Migrations.newmigratio43::BuildTargetModel(Microsoft.EntityFrameworkCore.ModelBuilder)
DA:18,0
DA:20,0
DA:22,0
DA:23,0
DA:24,0
DA:25,0
DA:26,0
DA:27,0
DA:28,0
DA:29,0
DA:30,0
DA:31,0
DA:32,0
DA:33,0
DA:34,0
DA:35,0
DA:36,0
DA:37,0
DA:38,0
DA:39,0
DA:40,0
DA:41,0
DA:42,0
DA:43,0
DA:44,0
DA:45,0
DA:46,0
DA:47,0
DA:48,0
DA:49,0
DA:50,0
DA:51,0
DA:52,0
DA:53,0
DA:54,0
DA:55,0
DA:56,0
DA:57,0
DA:58,0
DA:59,0
DA:61,0
DA:62,0
DA:63,0
DA:64,0
DA:65,0
DA:66,0
DA:67,0
DA:68,0
DA:69,0
DA:70,0
DA:71,0
DA:72,0
DA:73,0
DA:74,0
DA:75,0
DA:76,0
DA:77,0
DA:78,0
DA:79,0
DA:80,0
DA:81,0
DA:82,0
DA:83,0
DA:84,0
DA:85,0
DA:86,0
DA:87,0
DA:88,0
DA:89,0
DA:90,0
DA:91,0
DA:92,0
DA:93,0
DA:94,0
DA:95,0
DA:96,0
DA:97,0
DA:98,0
DA:99,0
DA:100,0
DA:101,0
DA:102,0
DA:103,0
DA:104,0
DA:105,0
DA:106,0
DA:107,0
DA:108,0
DA:109,0
DA:110,0
DA:111,0
DA:112,0
DA:114,0
DA:115,0
DA:116,0
DA:117,0
DA:118,0
DA:119,0
DA:120,0
DA:121,0
DA:122,0
DA:123,0
DA:124,0
DA:125,0
DA:126,0
DA:127,0
DA:128,0
DA:129,0
DA:130,0
DA:131,0
DA:132,0
DA:133,0
DA:134,0
DA:135,0
DA:136,0
DA:137,0
DA:138,0
DA:139,0
DA:140,0
DA:141,0
DA:142,0
DA:143,0
DA:144,0
DA:145,0
DA:146,0
DA:147,0
DA:148,0
DA:149,0
DA:150,0
DA:151,0
DA:152,0
DA:153,0
DA:154,0
DA:155,0
DA:156,0
DA:157,0
DA:158,0
DA:159,0
DA:160,0
DA:161,0
DA:163,0
DA:164,0
DA:165,0
DA:166,0
DA:167,0
DA:168,0
DA:169,0
DA:170,0
DA:171,0
DA:172,0
DA:173,0
DA:174,0
DA:175,0
DA:176,0
DA:177,0
DA:178,0
DA:179,0
DA:180,0
DA:181,0
DA:182,0
DA:183,0
DA:184,0
DA:185,0
DA:186,0
DA:187,0
DA:188,0
DA:189,0
DA:190,0
DA:191,0
DA:192,0
DA:193,0
DA:194,0
DA:195,0
DA:196,0
DA:197,0
DA:198,0
DA:199,0
DA:200,0
DA:201,0
DA:202,0
DA:203,0
DA:204,0
DA:206,0
DA:207,0
DA:208,0
DA:209,0
DA:210,0
DA:211,0
DA:212,0
DA:213,0
DA:214,0
DA:215,0
DA:216,0
DA:217,0
DA:218,0
DA:219,0
DA:220,0
DA:221,0
DA:222,0
DA:223,0
DA:224,0
DA:225,0
DA:226,0
DA:227,0
DA:228,0
DA:229,0
DA:230,0
DA:231,0
DA:232,0
DA:233,0
DA:234,0
DA:235,0
DA:236,0
DA:237,0
DA:238,0
DA:239,0
DA:240,0
DA:241,0
DA:242,0
DA:243,0
DA:244,0
DA:245,0
DA:246,0
DA:247,0
DA:248,0
DA:249,0
DA:250,0
DA:251,0
DA:252,0
DA:253,0
DA:254,0
DA:255,0
DA:256,0
DA:257,0
DA:258,0
DA:259,0
DA:260,0
DA:261,0
DA:262,0
DA:263,0
DA:264,0
DA:265,0
DA:266,0
DA:267,0
DA:268,0
DA:269,0
DA:270,0
DA:271,0
DA:272,0
DA:273,0
DA:274,0
DA:275,0
DA:276,0
DA:277,0
DA:278,0
DA:279,0
DA:280,0
DA:281,0
DA:282,0
DA:283,0
DA:284,0
DA:285,0
DA:286,0
DA:287,0
DA:288,0
DA:289,0
DA:290,0
DA:291,0
DA:292,0
DA:293,0
DA:294,0
DA:295,0
DA:296,0
DA:297,0
DA:298,0
DA:299,0
DA:300,0
DA:301,0
DA:302,0
DA:303,0
DA:304,0
DA:305,0
DA:306,0
DA:307,0
DA:308,0
DA:309,0
DA:310,0
DA:311,0
DA:312,0
DA:313,0
DA:314,0
DA:315,0
DA:316,0
DA:317,0
DA:318,0
DA:319,0
DA:320,0
DA:321,0
DA:322,0
DA:323,0
DA:324,0
DA:325,0
DA:326,0
DA:327,0
DA:328,0
DA:329,0
DA:330,0
DA:332,0
DA:333,0
DA:334,0
DA:335,0
DA:336,0
DA:337,0
DA:338,0
DA:339,0
DA:340,0
DA:341,0
DA:342,0
DA:343,0
DA:344,0
DA:345,0
DA:346,0
DA:347,0
DA:348,0
DA:349,0
DA:350,0
DA:351,0
DA:352,0
DA:353,0
DA:354,0
DA:355,0
DA:356,0
DA:357,0
DA:358,0
DA:359,0
DA:360,0
DA:361,0
DA:362,0
DA:363,0
DA:364,0
DA:365,0
DA:366,0
DA:367,0
DA:368,0
DA:369,0
DA:370,0
DA:371,0
DA:372,0
DA:373,0
DA:374,0
DA:375,0
DA:376,0
DA:377,0
DA:378,0
DA:379,0
DA:380,0
DA:381,0
DA:382,0
DA:383,0
DA:384,0
DA:385,0
DA:386,0
DA:387,0
DA:388,0
DA:389,0
DA:390,0
DA:391,0
DA:392,0
DA:393,0
DA:394,0
DA:395,0
DA:396,0
DA:397,0
DA:398,0
DA:399,0
DA:400,0
DA:401,0
DA:402,0
DA:403,0
DA:404,0
DA:405,0
DA:406,0
DA:407,0
DA:408,0
DA:410,0
DA:411,0
DA:412,0
DA:413,0
DA:414,0
DA:415,0
DA:416,0
DA:417,0
DA:419,0
DA:420,0
DA:421,0
DA:422,0
DA:423,0
DA:424,0
DA:425,0
DA:426,0
DA:428,0
DA:429,0
DA:430,0
DA:431,0
DA:433,0
LF:405
LH:0
BRF:0
BRH:0
FNF:1
FNH:0
end_of_record
SF:C:\Users\djohnson\Code\MicrosoftTestApi\TodoApi\Migrations\ApiDbModelSnapshot.cs
FN:15,System.Void TodoApi.Migrations.ApiDbModelSnapshot::BuildModel(Microsoft.EntityFrameworkCore.ModelBuilder)
FNDA:0,System.Void TodoApi.Migrations.ApiDbModelSnapshot::BuildModel(Microsoft.EntityFrameworkCore.ModelBuilder)
DA:16,0
DA:18,0
DA:20,0
DA:21,0
DA:22,0
DA:23,0
DA:24,0
DA:25,0
DA:26,0
DA:27,0
DA:28,0
DA:29,0
DA:30,0
DA:31,0
DA:32,0
DA:33,0
DA:34,0
DA:35,0
DA:36,0
DA:37,0
DA:38,0
DA:39,0
DA:40,0
DA:41,0
DA:42,0
DA:43,0
DA:44,0
DA:45,0
DA:46,0
DA:47,0
DA:48,0
DA:49,0
DA:50,0
DA:51,0
DA:52,0
DA:53,0
DA:54,0
DA:55,0
DA:56,0
DA:57,0
DA:59,0
DA:60,0
DA:61,0
DA:62,0
DA:63,0
DA:64,0
DA:65,0
DA:66,0
DA:67,0
DA:68,0
DA:69,0
DA:70,0
DA:71,0
DA:72,0
DA:73,0
DA:74,0
DA:75,0
DA:76,0
DA:77,0
DA:78,0
DA:79,0
DA:80,0
DA:81,0
DA:82,0
DA:83,0
DA:84,0
DA:85,0
DA:86,0
DA:87,0
DA:88,0
DA:89,0
DA:90,0
DA:91,0
DA:92,0
DA:93,0
DA:94,0
DA:95,0
DA:96,0
DA:97,0
DA:98,0
DA:99,0
DA:100,0
DA:101,0
DA:102,0
DA:103,0
DA:104,0
DA:105,0
DA:106,0
DA:107,0
DA:108,0
DA:109,0
DA:110,0
DA:112,0
DA:113,0
DA:114,0
DA:115,0
DA:116,0
DA:117,0
DA:118,0
DA:119,0
DA:120,0
DA:121,0
DA:122,0
DA:123,0
DA:124,0
DA:125,0
DA:126,0
DA:127,0
DA:128,0
DA:129,0
DA:130,0
DA:131,0
DA:132,0
DA:133,0
DA:134,0
DA:135,0
DA:136,0
DA:137,0
DA:138,0
DA:139,0
DA:140,0
DA:141,0
DA:142,0
DA:143,0
DA:144,0
DA:145,0
DA:146,0
DA:147,0
DA:148,0
DA:149,0
DA:150,0
DA:151,0
DA:152,0
DA:153,0
DA:154,0
DA:155,0
DA:156,0
DA:157,0
DA:158,0
DA:159,0
DA:161,0
DA:162,0
DA:163,0
DA:164,0
DA:165,0
DA:166,0
DA:167,0
DA:168,0
DA:169,0
DA:170,0
DA:171,0
DA:172,0
DA:173,0
DA:174,0
DA:175,0
DA:176,0
DA:177,0
DA:178,0
DA:179,0
DA:180,0
DA:181,0
DA:182,0
DA:183,0
DA:184,0
DA:185,0
DA:186,0
DA:187,0
DA:188,0
DA:189,0
DA:190,0
DA:191,0
DA:192,0
DA:193,0
DA:194,0
DA:195,0
DA:196,0
DA:197,0
DA:198,0
DA:199,0
DA:200,0
DA:201,0
DA:202,0
DA:204,0
DA:205,0
DA:206,0
DA:207,0
DA:208,0
DA:209,0
DA:210,0
DA:211,0
DA:212,0
DA:213,0
DA:214,0
DA:215,0
DA:216,0
DA:217,0
DA:218,0
DA:219,0
DA:220,0
DA:221,0
DA:222,0
DA:223,0
DA:224,0
DA:225,0
DA:226,0
DA:227,0
DA:228,0
DA:229,0
DA:230,0
DA:231,0
DA:232,0
DA:233,0
DA:234,0
DA:235,0
DA:236,0
DA:237,0
DA:238,0
DA:239,0
DA:240,0
DA:241,0
DA:242,0
DA:243,0
DA:244,0
DA:245,0
DA:246,0
DA:247,0
DA:248,0
DA:249,0
DA:250,0
DA:251,0
DA:252,0
DA:253,0
DA:254,0
DA:255,0
DA:256,0
DA:257,0
DA:258,0
DA:259,0
DA:260,0
DA:261,0
DA:262,0
DA:263,0
DA:264,0
DA:265,0
DA:266,0
DA:267,0
DA:268,0
DA:269,0
DA:270,0
DA:271,0
DA:272,0
DA:273,0
DA:274,0
DA:275,0
DA:276,0
DA:277,0
DA:278,0
DA:279,0
DA:280,0
DA:281,0
DA:282,0
DA:283,0
DA:284,0
DA:285,0
DA:286,0
DA:287,0
DA:288,0
DA:289,0
DA:290,0
DA:291,0
DA:292,0
DA:293,0
DA:294,0
DA:295,0
DA:296,0
DA:297,0
DA:298,0
DA:299,0
DA:300,0
DA:301,0
DA:302,0
DA:303,0
DA:304,0
DA:305,0
DA:306,0
DA:307,0
DA:308,0
DA:309,0
DA:310,0
DA:311,0
DA:312,0
DA:313,0
DA:314,0
DA:315,0
DA:316,0
DA:317,0
DA:318,0
DA:319,0
DA:320,0
DA:321,0
DA:322,0
DA:323,0
DA:324,0
DA:325,0
DA:326,0
DA:327,0
DA:328,0
DA:330,0
DA:331,0
DA:332,0
DA:333,0
DA:334,0
DA:335,0
DA:336,0
DA:337,0
DA:338,0
DA:339,0
DA:340,0
DA:341,0
DA:342,0
DA:343,0
DA:344,0
DA:345,0
DA:346,0
DA:347,0
DA:348,0
DA:349,0
DA:350,0
DA:351,0
DA:352,0
DA:353,0
DA:354,0
DA:355,0
DA:356,0
DA:357,0
DA:358,0
DA:359,0
DA:360,0
DA:361,0
DA:362,0
DA:363,0
DA:364,0
DA:365,0
DA:366,0
DA:367,0
DA:368,0
DA:369,0
DA:370,0
DA:371,0
DA:372,0
DA:373,0
DA:374,0
DA:375,0
DA:376,0
DA:377,0
DA:378,0
DA:379,0
DA:380,0
DA:381,0
DA:382,0
DA:383,0
DA:384,0
DA:385,0
DA:386,0
DA:387,0
DA:388,0
DA:389,0
DA:390,0
DA:391,0
DA:392,0
DA:393,0
DA:394,0
DA:395,0
DA:396,0
DA:397,0
DA:398,0
DA:399,0
DA:400,0
DA:401,0
DA:402,0
DA:403,0
DA:404,0
DA:405,0
DA:406,0
DA:408,0
DA:409,0
DA:410,0
DA:411,0
DA:412,0
DA:413,0
DA:414,0
DA:415,0
DA:417,0
DA:418,0
DA:419,0
DA:420,0
DA:421,0
DA:422,0
DA:423,0
DA:424,0
DA:426,0
DA:427,0
DA:428,0
DA:429,0
DA:431,0
LF:405
LH:0
BRF:0
BRH:0
FNF:1
FNH:0
end_of_record
SF:C:\Users\djohnson\Code\MicrosoftTestApi\TodoApi\Controllers\CustomersController.cs
FN:28,Microsoft.AspNetCore.Mvc.ActionResult TodoApi.Controllers.CustomersController::DeleteCustomer(System.Int32)
FNDA:2,Microsoft.AspNetCore.Mvc.ActionResult TodoApi.Controllers.CustomersController::DeleteCustomer(System.Int32)
DA:29,2
DA:30,2
DA:31,2
DA:32,2
FN:41,Microsoft.AspNetCore.Mvc.ActionResult`1<TodoApi.Models.Customer> TodoApi.Controllers.CustomersController::UpdateCustomer(System.Int32,TodoApi.Models.Customer)
FNDA:3,Microsoft.AspNetCore.Mvc.ActionResult`1<TodoApi.Models.Customer> TodoApi.Controllers.CustomersController::UpdateCustomer(System.Int32,TodoApi.Models.Customer)
DA:42,3
DA:43,3
DA:44,3
DA:45,3
FN:53,Microsoft.AspNetCore.Mvc.ActionResult`1<TodoApi.Models.Customer> TodoApi.Controllers.CustomersController::GetCustomer(System.Int32)
FNDA:2,Microsoft.AspNetCore.Mvc.ActionResult`1<TodoApi.Models.Customer> TodoApi.Controllers.CustomersController::GetCustomer(System.Int32)
DA:54,2
DA:55,2
DA:56,2
DA:57,2
FN:65,Microsoft.AspNetCore.Mvc.ActionResult`1<TodoApi.Models.Customer> TodoApi.Controllers.CustomersController::PostCustomer(TodoApi.Models.Customer)
FNDA:2,Microsoft.AspNetCore.Mvc.ActionResult`1<TodoApi.Models.Customer> TodoApi.Controllers.CustomersController::PostCustomer(TodoApi.Models.Customer)
DA:66,2
DA:67,2
DA:68,2
DA:69,2
FN:82,Microsoft.AspNetCore.Mvc.ActionResult`1<System.Collections.Generic.IEnumerable`1<TodoApi.Models.Customer>> TodoApi.Controllers.CustomersController::GetCustomers(System.String,System.String,System.String,System.String,System.String,System.String)
FNDA:1,Microsoft.AspNetCore.Mvc.ActionResult`1<System.Collections.Generic.IEnumerable`1<TodoApi.Models.Customer>> TodoApi.Controllers.CustomersController::GetCustomers(System.String,System.String,System.String,System.String,System.String,System.String)
DA:83,1
DA:84,1
DA:85,1
DA:86,1
FN:16,System.Void TodoApi.Controllers.CustomersController::.ctor(TodoApi.Services.ICustomerService)
FNDA:10,System.Void TodoApi.Controllers.CustomersController::.ctor(TodoApi.Services.ICustomerService)
DA:17,10
DA:18,10
DA:19,10
DA:20,10
LF:24
LH:24
BRF:0
BRH:0
FNF:6
FNH:6
end_of_record
SF:C:\Users\djohnson\Code\MicrosoftTestApi\TodoApi\Controllers\OrderController.cs
FN:33,Microsoft.AspNetCore.Mvc.ActionResult`1<System.Collections.Generic.IEnumerable`1<TodoApi.Models.Order>> TodoApi.Controllers.OrdersController::GetOrders(System.Nullable`1<System.Int32>,System.String,System.Nullable`1<System.Decimal>,System.Nullable`1<System.Int32>,System.Nullable`1<System.Int32>)
FNDA:1,Microsoft.AspNetCore.Mvc.ActionResult`1<System.Collections.Generic.IEnumerable`1<TodoApi.Models.Order>> TodoApi.Controllers.OrdersController::GetOrders(System.Nullable`1<System.Int32>,System.String,System.Nullable`1<System.Decimal>,System.Nullable`1<System.Int32>,System.Nullable`1<System.Int32>)
DA:34,1
DA:35,1
DA:36,1
DA:37,1
FN:45,Microsoft.AspNetCore.Mvc.ActionResult`1<TodoApi.Models.Order> TodoApi.Controllers.OrdersController::GetOrder(System.Int32)
FNDA:1,Microsoft.AspNetCore.Mvc.ActionResult`1<TodoApi.Models.Order> TodoApi.Controllers.OrdersController::GetOrder(System.Int32)
DA:46,1
DA:47,1
DA:48,1
DA:49,1
FN:57,Microsoft.AspNetCore.Mvc.ActionResult`1<TodoApi.Models.Order> TodoApi.Controllers.OrdersController::PostOrder(TodoApi.Models.Order)
FNDA:1,Microsoft.AspNetCore.Mvc.ActionResult`1<TodoApi.Models.Order> TodoApi.Controllers.OrdersController::PostOrder(TodoApi.Models.Order)
DA:58,1
DA:59,1
DA:60,1
DA:61,1
FN:70,System.Threading.Tasks.Task`1<Microsoft.AspNetCore.Mvc.ActionResult`1<TodoApi.Models.Order>> TodoApi.Controllers.OrdersController::UpdateOrder(System.Int32,TodoApi.Models.Order)
FNDA:2,System.Threading.Tasks.Task`1<Microsoft.AspNetCore.Mvc.ActionResult`1<TodoApi.Models.Order>> TodoApi.Controllers.OrdersController::UpdateOrder(System.Int32,TodoApi.Models.Order)
DA:71,2
DA:72,2
DA:73,2
DA:74,2
FN:81,Microsoft.AspNetCore.Mvc.ActionResult TodoApi.Controllers.OrdersController::DeleteOrder(System.Int32)
FNDA:2,Microsoft.AspNetCore.Mvc.ActionResult TodoApi.Controllers.OrdersController::DeleteOrder(System.Int32)
DA:82,2
DA:83,2
DA:84,2
DA:85,2
FN:17,System.Void TodoApi.Controllers.OrdersController::.ctor(TodoApi.Services.IOrderService)
FNDA:7,System.Void TodoApi.Controllers.OrdersController::.ctor(TodoApi.Services.IOrderService)
DA:18,7
DA:19,7
DA:20,7
DA:21,7
LF:24
LH:24
BRF:0
BRH:0
FNF:6
FNH:6
end_of_record
SF:C:\Users\djohnson\Code\MicrosoftTestApi\TodoApi\Controllers\ProductsController.cs
FN:33,Microsoft.AspNetCore.Mvc.ActionResult`1<System.Collections.Generic.IEnumerable`1<TodoApi.Models.Product>> TodoApi.Controllers.ProductsController::GetProducts(System.String,System.String,System.String,System.String,System.String,System.String)
FNDA:1,Microsoft.AspNetCore.Mvc.ActionResult`1<System.Collections.Generic.IEnumerable`1<TodoApi.Models.Product>> TodoApi.Controllers.ProductsController::GetProducts(System.String,System.String,System.String,System.String,System.String,System.String)
DA:34,1
DA:35,1
DA:36,1
DA:37,1
FN:45,Microsoft.AspNetCore.Mvc.ActionResult`1<TodoApi.Models.Product> TodoApi.Controllers.ProductsController::GetProduct(System.Int32)
FNDA:2,Microsoft.AspNetCore.Mvc.ActionResult`1<TodoApi.Models.Product> TodoApi.Controllers.ProductsController::GetProduct(System.Int32)
DA:46,2
DA:47,2
DA:48,2
DA:49,2
FN:57,Microsoft.AspNetCore.Mvc.ActionResult`1<TodoApi.Models.Product> TodoApi.Controllers.ProductsController::PostProduct(TodoApi.Models.Product)
FNDA:2,Microsoft.AspNetCore.Mvc.ActionResult`1<TodoApi.Models.Product> TodoApi.Controllers.ProductsController::PostProduct(TodoApi.Models.Product)
DA:58,2
DA:59,2
DA:60,2
DA:61,2
FN:70,Microsoft.AspNetCore.Mvc.ActionResult`1<TodoApi.Models.Product> TodoApi.Controllers.ProductsController::UpdateProduct(System.Int32,TodoApi.Models.Product)
FNDA:3,Microsoft.AspNetCore.Mvc.ActionResult`1<TodoApi.Models.Product> TodoApi.Controllers.ProductsController::UpdateProduct(System.Int32,TodoApi.Models.Product)
DA:71,3
DA:72,3
DA:73,3
DA:74,3
FN:82,Microsoft.AspNetCore.Mvc.ActionResult TodoApi.Controllers.ProductsController::DeleteProduct(System.Int32)
FNDA:2,Microsoft.AspNetCore.Mvc.ActionResult TodoApi.Controllers.ProductsController::DeleteProduct(System.Int32)
DA:83,2
DA:84,2
DA:85,2
DA:86,2
FN:16,System.Void TodoApi.Controllers.ProductsController::.ctor(TodoApi.Services.IProductService)
FNDA:10,System.Void TodoApi.Controllers.ProductsController::.ctor(TodoApi.Services.IProductService)
DA:17,10
DA:18,10
DA:19,10
DA:20,10
LF:24
LH:24
BRF:0
BRH:0
FNF:6
FNH:6
end_of_record
SF:C:\Users\djohnson\Code\MicrosoftTestApi\TodoApi\Controllers\UsersController.cs
FN:31,Microsoft.AspNetCore.Mvc.ActionResult`1<System.Collections.Generic.IEnumerable`1<TodoApi.Models.User>> TodoApi.Controllers.UsersController::GetUsers(System.String,System.String,System.String,System.String,System.String)
FNDA:1,Microsoft.AspNetCore.Mvc.ActionResult`1<System.Collections.Generic.IEnumerable`1<TodoApi.Models.User>> TodoApi.Controllers.UsersController::GetUsers(System.String,System.String,System.String,System.String,System.String)
DA:32,1
DA:33,1
DA:34,1
DA:35,1
FN:43,Microsoft.AspNetCore.Mvc.ActionResult`1<TodoApi.Models.User> TodoApi.Controllers.UsersController::GetUserById(System.Int32)
FNDA:2,Microsoft.AspNetCore.Mvc.ActionResult`1<TodoApi.Models.User> TodoApi.Controllers.UsersController::GetUserById(System.Int32)
DA:44,2
DA:45,2
DA:46,2
DA:47,2
FN:56,Microsoft.AspNetCore.Mvc.ActionResult`1<TodoApi.Models.User> TodoApi.Controllers.UsersController::PutUser(System.Int32,TodoApi.Models.User)
FNDA:3,Microsoft.AspNetCore.Mvc.ActionResult`1<TodoApi.Models.User> TodoApi.Controllers.UsersController::PutUser(System.Int32,TodoApi.Models.User)
DA:57,3
DA:58,3
DA:59,3
DA:60,3
FN:68,Microsoft.AspNetCore.Mvc.ActionResult`1<TodoApi.Models.User> TodoApi.Controllers.UsersController::PostUser(TodoApi.Models.User)
FNDA:2,Microsoft.AspNetCore.Mvc.ActionResult`1<TodoApi.Models.User> TodoApi.Controllers.UsersController::PostUser(TodoApi.Models.User)
DA:69,2
DA:70,2
DA:71,2
DA:72,2
FN:80,Microsoft.AspNetCore.Mvc.IActionResult TodoApi.Controllers.UsersController::DeleteUser(System.Int32)
FNDA:2,Microsoft.AspNetCore.Mvc.IActionResult TodoApi.Controllers.UsersController::DeleteUser(System.Int32)
DA:81,2
DA:82,2
DA:83,2
DA:84,2
FN:15,System.Void TodoApi.Controllers.UsersController::.ctor(TodoApi.Services.IUserService)
FNDA:10,System.Void TodoApi.Controllers.UsersController::.ctor(TodoApi.Services.IUserService)
DA:16,10
DA:17,10
DA:18,10
DA:19,10
LF:24
LH:24
BRF:0
BRH:0
FNF:6
FNH:6
end_of_record
SF:C:\Users\djohnson\Code\MicrosoftTestApi\TodoApi\Utilities\Helpers\LeftJoin.cs
FN:6,System.Collections.Generic.IEnumerable`1<TResult> TodoApi.Controllers.LinqExt::LeftOuterJoin(System.Collections.Generic.IEnumerable`1<TLeft>,System.Collections.Generic.IEnumerable`1<TRight>,System.Func`2<TLeft,TKey>,System.Func`2<TRight,TKey>,System.Func`3<TLeft,TRight,TResult>)
FNDA:7,System.Collections.Generic.IEnumerable`1<TResult> TodoApi.Controllers.LinqExt::LeftOuterJoin(System.Collections.Generic.IEnumerable`1<TLeft>,System.Collections.Generic.IEnumerable`1<TRight>,System.Func`2<TLeft,TKey>,System.Func`2<TRight,TKey>,System.Func`3<TLeft,TRight,TResult>)
DA:7,7
DA:8,18
DA:9,7
DA:10,11
DA:11,11
DA:12,18
DA:13,7
BRDA:8,25,0,2
BRDA:8,25,1,7
BRDA:8,61,0,2
BRDA:8,61,1,7
BRDA:8,92,0,2
BRDA:8,92,1,7
LF:7
LH:7
BRF:6
BRH:6
FNF:1
FNH:1
end_of_record
SF:C:\Users\djohnson\Code\MicrosoftTestApi\TodoApi\Contexts\Context.cs
FN:9,Microsoft.EntityFrameworkCore.DbSet`1<TodoApi.Models.User> TodoApi.Contexts.ApiDb::get_Users()
FNDA:52,Microsoft.EntityFrameworkCore.DbSet`1<TodoApi.Models.User> TodoApi.Contexts.ApiDb::get_Users()
DA:10,52
FN:10,Microsoft.EntityFrameworkCore.DbSet`1<TodoApi.Models.Customer> TodoApi.Contexts.ApiDb::get_Customers()
FNDA:54,Microsoft.EntityFrameworkCore.DbSet`1<TodoApi.Models.Customer> TodoApi.Contexts.ApiDb::get_Customers()
DA:11,54
FN:11,Microsoft.EntityFrameworkCore.DbSet`1<TodoApi.Models.CustomerAddress> TodoApi.Contexts.ApiDb::get_CustomerAddresses()
FNDA:40,Microsoft.EntityFrameworkCore.DbSet`1<TodoApi.Models.CustomerAddress> TodoApi.Contexts.ApiDb::get_CustomerAddresses()
DA:12,40
FN:12,Microsoft.EntityFrameworkCore.DbSet`1<TodoApi.Models.Product> TodoApi.Contexts.ApiDb::get_Products()
FNDA:54,Microsoft.EntityFrameworkCore.DbSet`1<TodoApi.Models.Product> TodoApi.Contexts.ApiDb::get_Products()
DA:13,54
FN:13,Microsoft.EntityFrameworkCore.DbSet`1<TodoApi.Models.Order> TodoApi.Contexts.ApiDb::get_Orders()
FNDA:46,Microsoft.EntityFrameworkCore.DbSet`1<TodoApi.Models.Order> TodoApi.Contexts.ApiDb::get_Orders()
DA:14,46
FN:14,Microsoft.EntityFrameworkCore.DbSet`1<TodoApi.Models.OrderDetails> TodoApi.Contexts.ApiDb::get_OrderDetails()
FNDA:41,Microsoft.EntityFrameworkCore.DbSet`1<TodoApi.Models.OrderDetails> TodoApi.Contexts.ApiDb::get_OrderDetails()
DA:15,41
FN:16,System.Void TodoApi.Contexts.ApiDb::OnModelCreating(Microsoft.EntityFrameworkCore.ModelBuilder)
FNDA:2,System.Void TodoApi.Contexts.ApiDb::OnModelCreating(Microsoft.EntityFrameworkCore.ModelBuilder)
DA:17,2
DA:18,2
DA:19,2
DA:20,2
FN:21,System.Threading.Tasks.Task`1<System.Int32> TodoApi.Contexts.ApiDb::SaveChangesAsync(System.Threading.CancellationToken)
FNDA:2,System.Threading.Tasks.Task`1<System.Int32> TodoApi.Contexts.ApiDb::SaveChangesAsync(System.Threading.CancellationToken)
DA:22,2
DA:23,2
DA:24,2
FN:7,System.Void TodoApi.Contexts.ApiDb::.ctor(Microsoft.EntityFrameworkCore.DbContextOptions`1<TodoApi.Contexts.ApiDb>)
FNDA:111,System.Void TodoApi.Contexts.ApiDb::.ctor(Microsoft.EntityFrameworkCore.DbContextOptions`1<TodoApi.Contexts.ApiDb>)
DA:8,111
LF:14
LH:14
BRF:0
BRH:0
FNF:9
FNH:9
end_of_record
SF:C:\Users\djohnson\Code\MicrosoftTestApi\TodoApi\Utilities\Data\SeedData.cs
FN:8,System.Void TodoApi.Contexts.Extensions::SeedData(Microsoft.EntityFrameworkCore.ModelBuilder)
FNDA:2,System.Void TodoApi.Contexts.Extensions::SeedData(Microsoft.EntityFrameworkCore.ModelBuilder)
DA:9,2
DA:10,2
DA:11,2
DA:12,2
DA:13,2
DA:14,2
DA:15,2
DA:16,2
DA:17,2
DA:18,2
DA:19,2
DA:20,2
DA:21,2
DA:22,2
DA:23,2
DA:24,2
DA:25,2
DA:26,2
DA:27,2
DA:28,2
DA:29,2
DA:30,2
DA:31,2
DA:32,2
DA:33,2
DA:34,2
DA:35,2
DA:36,2
DA:37,2
DA:38,2
DA:39,2
DA:40,2
DA:41,2
DA:42,2
DA:43,2
DA:44,2
DA:45,2
DA:46,2
DA:47,2
LF:39
LH:39
BRF:0
BRH:0
FNF:1
FNH:1
end_of_record
SF:C:\Users\djohnson\Code\MicrosoftTestApi\TodoApi\Attributes\Email.cs
FN:16,System.ComponentModel.DataAnnotations.ValidationResult TodoApi.Attributes.EmailAttribute::IsValid(System.Object,System.ComponentModel.DataAnnotations.ValidationContext)
FNDA:0,System.ComponentModel.DataAnnotations.ValidationResult TodoApi.Attributes.EmailAttribute::IsValid(System.Object,System.ComponentModel.DataAnnotations.ValidationContext)
DA:17,0
DA:18,0
DA:19,0
DA:20,0
DA:21,0
DA:22,0
DA:23,0
DA:24,0
DA:26,0
DA:27,0
DA:28,0
BRDA:18,7,0,0
BRDA:21,23,0,0
BRDA:21,23,1,0
BRDA:21,44,0,0
BRDA:21,44,1,0
BRDA:18,7,1,0
LF:11
LH:0
BRF:6
BRH:0
FNF:1
FNH:0
end_of_record
SF:C:\Users\djohnson\Code\MicrosoftTestApi\TodoApi\Attributes\Price.cs
FN:15,System.ComponentModel.DataAnnotations.ValidationResult TodoApi.Attributes.PriceAttribute::IsValid(System.Object,System.ComponentModel.DataAnnotations.ValidationContext)
FNDA:0,System.ComponentModel.DataAnnotations.ValidationResult TodoApi.Attributes.PriceAttribute::IsValid(System.Object,System.ComponentModel.DataAnnotations.ValidationContext)
DA:16,0
DA:18,0
DA:19,0
DA:20,0
DA:21,0
DA:22,0
DA:24,0
DA:25,0
BRDA:19,29,0,0
BRDA:19,29,1,0
LF:8
LH:0
BRF:2
BRH:0
FNF:1
FNH:0
end_of_record
SF:C:\Users\djohnson\Code\MicrosoftTestApi\TodoApi\Attributes\Roles.cs
FN:16,System.ComponentModel.DataAnnotations.ValidationResult TodoApi.Attributes.RolesAttribute::IsValid(System.Object,System.ComponentModel.DataAnnotations.ValidationContext)
FNDA:0,System.ComponentModel.DataAnnotations.ValidationResult TodoApi.Attributes.RolesAttribute::IsValid(System.Object,System.ComponentModel.DataAnnotations.ValidationContext)
DA:17,0
DA:18,0
DA:19,0
DA:20,0
DA:21,0
DA:22,0
DA:23,0
DA:24,0
DA:26,0
DA:27,0
DA:28,0
BRDA:18,7,0,0
BRDA:21,23,0,0
BRDA:21,23,1,0
BRDA:21,44,0,0
BRDA:21,44,1,0
BRDA:18,7,1,0
LF:11
LH:0
BRF:6
BRH:0
FNF:1
FNH:0
end_of_record